<launch>
  <node pkg="package" type="type" respawn="foo" />
</launch>
