<launch>
  <node pkg="package" type="type" required="" />
</launch>
