<launch>

  <rosparam file="$(find test_roslaunch)/test/params.yaml" command="load" />
  <rosparam file="$(find test_roslaunch)/test/dump.yaml" command="dump" />
  
  <group ns="rosparam">
    <rosparam file="$(find test_roslaunch)/test/params.yaml" command="load" />
    <rosparam file="$(find test_roslaunch)/test/dump2.yaml" command="dump" />    
  </group>

  <node pkg="package" type="test_base" name="node_rosparam">
    <rosparam file="$(find test_roslaunch)/test/params.yaml" command="load" />      
  </node>

  <rosparam param="inline_str">value1</rosparam>
  <rosparam param="inline_list">[1, 2, 3, 4]</rosparam>  
  <rosparam param="inline_dict">{key1: value1, key2: value2}</rosparam>    
  <rosparam param="inline_dict2">
     key3: value3
     key4: value4
  </rosparam>
  
  <rosparam param="override">{key1: value1, key2: value2}</rosparam>
  <rosparam param="override">{key1: override1}</rosparam>  

  <!-- no key tests -->
  <rosparam>
    noparam1: value1
    noparam2: value2
  </rosparam>
  
</launch>

