<launch>
  <!-- name attribute missing with param set -->
  <node pkg="package" type="name_test_invalid_value">
    <param name="foo" value="bar" />
  </node>
</launch>

