<launch>
  <master auto="false" />
</launch>