<launch>
  <!-- should raise exception for node pkg being empty -->
  <node pkg="" type="test_xmlparseexception" />

</launch>

