<launch>
  <node pkg="$(env PACKAGE)" type="$(env TYPE)" output="$(env OUTPUT)" respawn="$(env RESPAWN)"/>
</launch> 
