<launch>
  <rosparam file="$(find rosparam)/example.yaml" />
</launch>

