<launch>
  <node pkg="package" type="type" required="foo" />
</launch>
