<launch>
  <master auto="start" type="" />
</launch>
