<launch>
  <rosparam command="load" />
</launch>

