<launch>
  <node pkg="package" type="test_ns_invalid" machine="" />
</launch>
