<launch>
  <node pkg="package" type="type" respawn="true" required="true" />
</launch>
