<launch>
  <node pkg="package" type="test_cwd_invalid" cwd="foo" />
</launch>
