<launch>

  <!-- name attribute is required -->
  <node pkg="package" type="test_node_rosparam_invalid_name" >
    <rosparam file="load.yaml" command="load" />
  </node>

</launch>

