<launch>
  <master auto="start" />
  <master auto="start" />
</launch>
