<launch>
  <master uri="foo" />
</launch>