<launch>
  <node pkg="package" type="" />
</launch>
