<launch>
  <node pkg="package" />
</launch>
