<launch>
  <node pkg="package" type="test_one_two_include" />
</launch>
