<launch>
  <test test-name="zenmaster_simple_API" args="--simple" pkg="test_ros" type="test_master_api.py" />
  <test test-name="zenmaster_registerService_success" args="--regsrvsuccess" pkg="test_ros" type="test_master_api.py" />
  <test test-name="zenmaster_registerPublisher_success" args="--regpubsuccess" pkg="test_ros" type="test_master_api.py" />
  <test test-name="zenmaster_registerPublisher_types" args="--regpubtypes" pkg="test_ros" type="test_master_api.py" />
  <test test-name="zenmaster_registerSubscriber_simple_success" args="--regsubsimplesuccess" pkg="test_ros" type="test_master_api.py" />
      
  <test test-name="zenmaster_unregisterService_success" args="--unregsrvsuccess" pkg="test_ros" type="test_master_api.py" />
  <test test-name="zenmaster_unregisterPublisher_success" args="--unregpubsuccess" pkg="test_ros" type="test_master_api.py" />
  <test test-name="zenmaster_unregisterSubscriber_success" args="--unregsubsuccess" pkg="test_ros" type="test_master_api.py" />

  <test test-name="zenmaster_registerService_invalid" args="--regsrvinvalid" pkg="test_ros" type="test_master_api.py" />
  <test test-name="zenmaster_registerPublisher_invalid" args="--regpubinvalid" pkg="test_ros" type="test_master_api.py" />
  <test test-name="zenmaster_registerSubscriber_invalid" args="--regsubinvalid" pkg="test_ros" type="test_master_api.py" />

  <test test-name="zenmaster_unregisterService_invalid" args="--unregsrvinvalid" pkg="test_ros" type="test_master_api.py" />
  <test test-name="zenmaster_unregisterPublisher_invalid" args="--unregpubinvalid" pkg="test_ros" type="test_master_api.py" />
  <test test-name="zenmaster_unregisterSubscriber_invalid" args="--unregsubinvalid" pkg="test_ros" type="test_master_api.py" />
      
          
</launch>
